模型加载成功！
词汇表大小: 3000000
[03/13 02:15:17 pysgg]: Using 1 GPUs
[03/13 02:15:17 pysgg]: Namespace(config_file='', local_rank=0, num_workers=4, output_dir='checkpoints/sgdet-BGNNPredictor/2025-03-13_02', dataset_name='VG_stanford', dataset_name_test='VG_stanford_test', dataset_name_val='VG_stanford_val', img_dir='datasets/vg/stanford_spilt/VG_100k_images', glove_dir='datasets/vg/stanford_spilt/glove', word2vec_dir='datasets/vg/stanford_spilt/word2vec', roidb_file='datasets/vg/VG-SGG-with-attri.h5', dict_file='datasets/vg/VG-SGG-dicts-with-attri.json', image_file='datasets/vg/image_data.json', debug=False, train_pre_batch=3, test_pre_batch=1, max_iter=1000, size_divisbility=32, base_lr=0.008, weight_decay=1e-05, bias_factor=1.0, weight_decay_bias=0.0, momentum=0.9, pretrained_detection_ckpt='checkpoints/detection/pretrained_faster_rcnn/vg_faster_det.pth', checkpoint_period=500, skip_test=False, opts=[], res_in_channels=64, res_out_channels=256, backbone_out_channels=256, box_head_num_class=151, device='cuda', distributed=False)
[03/13 02:15:17 pysgg]: #################### Start initializing dataset & dataloader ####################
[03/13 02:15:29 dataset]: using resampling method:bilvl
[03/13 02:15:29 dataset]: generate the repeat dict according to hyper_param on the fly
[03/13 02:15:29 dataset]: global repeat factor: 0.012;  
[03/13 02:15:29 dataset]: drop rate: 0.4;
[03/13 02:15:54 dataset]: using resampling method:bilvl
[03/13 02:15:54 dataset]: generate the repeat dict according to hyper_param on the fly
[03/13 02:15:54 dataset]: global repeat factor: 0.012;  
[03/13 02:15:54 dataset]: drop rate: 0.4;
[03/13 02:16:23 utils.miscellaneous]: Saving labels mapping into checkpoints/sgdet-BGNNPredictor/2025-03-13_02/labels.json
/home/p_zhuzy/miniconda3/envs/pysgg/lib/python3.9/site-packages/torch/utils/data/dataloader.py:478: UserWarning: This DataLoader will create 4 worker processes in total. Our suggested max number of worker in current system is 1, which is smaller than what this DataLoader is going to create. Please be aware that excessive worker creation might get DataLoader running slow or even freeze, lower the worker number to avoid potential slowness/freeze if necessary.
  warnings.warn(_create_warning_msg(
[03/13 02:16:24 pysgg]: the nums of train loader is 1000
[03/13 02:16:24 pysgg]: the nums of val loader is 5000
[03/13 02:16:24 pysgg]: #################### end dataloader ####################
[03/13 02:16:24 pysgg]: #################### prepare training ####################
[03/13 02:16:39 dataset]: using resampling method:bilvl
[03/13 02:16:39 dataset]: generate the repeat dict according to hyper_param on the fly
[03/13 02:16:39 dataset]: global repeat factor: 0.012;  
[03/13 02:16:39 dataset]: drop rate: 0.4;
[03/13 02:17:04 dataset]: using resampling method:bilvl
[03/13 02:17:04 dataset]: generate the repeat dict according to hyper_param on the fly
[03/13 02:17:04 dataset]: global repeat factor: 0.012;  
[03/13 02:17:04 dataset]: drop rate: 0.4;
Get relation class frequency distribution on dataset.

  0%|          | 0/72655 [00:00<?, ?it/s]
  0%|          | 350/72655 [00:00<00:20, 3495.86it/s]
  1%|          | 701/72655 [00:00<00:20, 3502.48it/s]
  1%|▏         | 1061/72655 [00:00<00:20, 3540.18it/s]
  2%|▏         | 1436/72655 [00:00<00:19, 3622.79it/s]
  3%|▎         | 1838/72655 [00:00<00:18, 3765.04it/s]
  3%|▎         | 2239/72655 [00:00<00:18, 3844.99it/s]
  4%|▎         | 2624/72655 [00:00<00:18, 3800.46it/s]
  4%|▍         | 3005/72655 [00:00<00:18, 3779.93it/s]
  5%|▍         | 3384/72655 [00:00<00:18, 3756.09it/s]
  5%|▌         | 3765/72655 [00:01<00:18, 3768.68it/s]
  6%|▌         | 4142/72655 [00:01<00:18, 3688.90it/s]
  6%|▌         | 4512/72655 [00:01<00:18, 3641.88it/s]
  7%|▋         | 4877/72655 [00:01<00:18, 3599.82it/s]
  7%|▋         | 5238/72655 [00:01<00:19, 3544.29it/s]
  8%|▊         | 5593/72655 [00:01<00:19, 3500.82it/s]
  8%|▊         | 5944/72655 [00:01<00:19, 3495.92it/s]
  9%|▊         | 6295/72655 [00:01<00:18, 3499.70it/s]
  9%|▉         | 6646/72655 [00:01<00:19, 3450.92it/s]
 10%|▉         | 7000/72655 [00:01<00:18, 3475.40it/s]
 10%|█         | 7350/72655 [00:02<00:18, 3482.40it/s]
 11%|█         | 7699/72655 [00:02<00:18, 3477.03it/s]
 11%|█         | 8069/72655 [00:02<00:18, 3543.28it/s]
 12%|█▏        | 8447/72655 [00:02<00:17, 3611.86it/s]
 12%|█▏        | 8813/72655 [00:02<00:17, 3625.61it/s]
 13%|█▎        | 9187/72655 [00:02<00:17, 3655.86it/s]
 13%|█▎        | 9582/72655 [00:02<00:16, 3741.66it/s]
 14%|█▎        | 9971/72655 [00:02<00:16, 3784.91it/s]
 14%|█▍        | 10365/72655 [00:02<00:16, 3829.40it/s]
 15%|█▍        | 10756/72655 [00:02<00:16, 3852.56it/s]
 15%|█▌        | 11142/72655 [00:03<00:16, 3757.02it/s]
 16%|█▌        | 11519/72655 [00:03<00:16, 3680.09it/s]
 16%|█▋        | 11908/72655 [00:03<00:16, 3738.54it/s]
 17%|█▋        | 12283/72655 [00:03<00:16, 3677.18it/s]
 17%|█▋        | 12652/72655 [00:03<00:16, 3663.19it/s]
 18%|█▊        | 13025/72655 [00:03<00:16, 3680.45it/s]
 18%|█▊        | 13402/72655 [00:03<00:16, 3702.22it/s]
 19%|█▉        | 13779/72655 [00:03<00:15, 3719.90it/s]
 20%|█▉        | 14173/72655 [00:03<00:15, 3783.93it/s]
 20%|██        | 14562/72655 [00:03<00:15, 3812.56it/s]
 21%|██        | 14944/72655 [00:04<00:15, 3746.30it/s]
 21%|██        | 15319/72655 [00:04<00:15, 3684.02it/s]
 22%|██▏       | 15688/72655 [00:04<00:15, 3681.44it/s]
 22%|██▏       | 16071/72655 [00:04<00:15, 3720.80it/s]
 23%|██▎       | 16475/72655 [00:04<00:14, 3813.59it/s]
 23%|██▎       | 16857/72655 [00:04<00:14, 3788.87it/s]
 24%|██▎       | 17237/72655 [00:04<00:14, 3748.01it/s]
 24%|██▍       | 17619/72655 [00:04<00:14, 3767.17it/s]
 25%|██▍       | 18003/72655 [00:04<00:14, 3787.00it/s]
 25%|██▌       | 18382/72655 [00:04<00:14, 3732.14it/s]
 26%|██▌       | 18756/72655 [00:05<00:14, 3711.06it/s]
 26%|██▋       | 19128/72655 [00:05<00:14, 3674.19it/s]
 27%|██▋       | 19499/72655 [00:05<00:14, 3683.97it/s]
 27%|██▋       | 19868/72655 [00:05<00:14, 3666.46it/s]
 28%|██▊       | 20241/72655 [00:05<00:14, 3684.63it/s]
 28%|██▊       | 20627/72655 [00:05<00:13, 3734.93it/s]
 29%|██▉       | 21011/72655 [00:05<00:13, 3762.88it/s]
 29%|██▉       | 21394/72655 [00:05<00:13, 3781.47it/s]
 30%|███       | 21799/72655 [00:05<00:13, 3856.40it/s]
 31%|███       | 22189/72655 [00:06<00:13, 3869.41it/s]
 31%|███       | 22579/72655 [00:06<00:12, 3876.60it/s]
 32%|███▏      | 22979/72655 [00:06<00:12, 3910.94it/s]
 32%|███▏      | 23371/72655 [00:06<00:12, 3897.53it/s]
 33%|███▎      | 23783/72655 [00:06<00:12, 3962.94it/s]
 33%|███▎      | 24180/72655 [00:06<00:12, 3940.52it/s]
 34%|███▍      | 24575/72655 [00:06<00:12, 3864.68it/s]
 34%|███▍      | 24962/72655 [00:06<00:12, 3846.90it/s]
 35%|███▍      | 25347/72655 [00:06<00:12, 3780.90it/s]
 35%|███▌      | 25750/72655 [00:06<00:12, 3853.11it/s]
 36%|███▌      | 26140/72655 [00:07<00:12, 3866.05it/s]
 37%|███▋      | 26551/72655 [00:07<00:11, 3938.14it/s]
 37%|███▋      | 26946/72655 [00:07<00:11, 3898.09it/s]
 38%|███▊      | 27337/72655 [00:07<00:11, 3874.16it/s]
 38%|███▊      | 27725/72655 [00:07<00:11, 3858.79it/s]
 39%|███▊      | 28112/72655 [00:07<00:11, 3834.09it/s]
 39%|███▉      | 28504/72655 [00:07<00:11, 3858.13it/s]
 40%|███▉      | 28890/72655 [00:07<00:11, 3835.49it/s]
 40%|████      | 29274/72655 [00:07<00:11, 3793.92it/s]
 41%|████      | 29654/72655 [00:07<00:11, 3747.61it/s]
 41%|████▏     | 30029/72655 [00:08<00:11, 3736.58it/s]
 42%|████▏     | 30423/72655 [00:08<00:11, 3795.01it/s]
 42%|████▏     | 30803/72655 [00:08<00:11, 3793.39it/s]
 43%|████▎     | 31206/72655 [00:08<00:10, 3859.60it/s]
 44%|████▎     | 31607/72655 [00:08<00:10, 3903.69it/s]
 44%|████▍     | 31998/72655 [00:08<00:10, 3904.85it/s]
 45%|████▍     | 32389/72655 [00:08<00:10, 3836.03it/s]
 45%|████▌     | 32786/72655 [00:08<00:10, 3874.02it/s]
 46%|████▌     | 33174/72655 [00:08<00:10, 3857.46it/s]
 46%|████▌     | 33560/72655 [00:08<00:10, 3812.20it/s]
 47%|████▋     | 33942/72655 [00:09<00:10, 3813.90it/s]
 47%|████▋     | 34324/72655 [00:09<00:10, 3809.83it/s]
 48%|████▊     | 34711/72655 [00:09<00:09, 3827.03it/s]
 48%|████▊     | 35097/72655 [00:09<00:09, 3833.15it/s]
 49%|████▉     | 35481/72655 [00:09<00:09, 3794.73it/s]
 49%|████▉     | 35861/72655 [00:09<00:09, 3786.97it/s]
 50%|████▉     | 36240/72655 [00:09<00:09, 3751.78it/s]
 50%|█████     | 36616/72655 [00:09<00:09, 3736.82it/s]
 51%|█████     | 36990/72655 [00:09<00:09, 3708.13it/s]
 51%|█████▏    | 37361/72655 [00:09<00:09, 3682.09it/s]
 52%|█████▏    | 37730/72655 [00:10<00:09, 3659.26it/s]
 52%|█████▏    | 38111/72655 [00:10<00:09, 3703.39it/s]
 53%|█████▎    | 38482/72655 [00:10<00:09, 3670.60it/s]
 53%|█████▎    | 38860/72655 [00:10<00:09, 3702.55it/s]
 54%|█████▍    | 39242/72655 [00:10<00:08, 3737.09it/s]
 55%|█████▍    | 39622/72655 [00:10<00:08, 3753.13it/s]
 55%|█████▌    | 39998/72655 [00:10<00:08, 3728.27it/s]
 56%|█████▌    | 40371/72655 [00:10<00:08, 3709.34it/s]
 56%|█████▌    | 40743/72655 [00:10<00:08, 3678.49it/s]
 57%|█████▋    | 41111/72655 [00:10<00:08, 3673.97it/s]
 57%|█████▋    | 41498/72655 [00:11<00:08, 3730.48it/s]
 58%|█████▊    | 41883/72655 [00:11<00:08, 3765.01it/s]
 58%|█████▊    | 42269/72655 [00:11<00:08, 3791.19it/s]
 59%|█████▊    | 42649/72655 [00:11<00:07, 3782.00it/s]
 59%|█████▉    | 43028/72655 [00:11<00:07, 3751.91it/s]
 60%|█████▉    | 43404/72655 [00:11<00:07, 3733.34it/s]
 60%|██████    | 43779/72655 [00:11<00:07, 3736.41it/s]
 61%|██████    | 44155/72655 [00:11<00:07, 3742.95it/s]
 61%|██████▏   | 44543/72655 [00:11<00:07, 3782.32it/s]
 62%|██████▏   | 44924/72655 [00:11<00:07, 3788.65it/s]
 62%|██████▏   | 45321/72655 [00:12<00:07, 3842.25it/s]
 63%|██████▎   | 45706/72655 [00:12<00:07, 3777.82it/s]
 63%|██████▎   | 46095/72655 [00:12<00:06, 3808.57it/s]
 64%|██████▍   | 46490/72655 [00:12<00:06, 3848.89it/s]
 65%|██████▍   | 46876/72655 [00:12<00:06, 3789.04it/s]
 65%|██████▌   | 47256/72655 [00:12<00:06, 3756.30it/s]
 66%|██████▌   | 47646/72655 [00:12<00:06, 3796.97it/s]
 66%|██████▌   | 48026/72655 [00:12<00:06, 3768.62it/s]
 67%|██████▋   | 48404/72655 [00:12<00:06, 3698.84it/s]
 67%|██████▋   | 48793/72655 [00:13<00:06, 3752.77it/s]
 68%|██████▊   | 49172/72655 [00:13<00:06, 3761.06it/s]
 68%|██████▊   | 49549/72655 [00:13<00:06, 3752.49it/s]
 69%|██████▊   | 49931/72655 [00:13<00:06, 3771.46it/s]
 69%|██████▉   | 50309/72655 [00:13<00:06, 3690.39it/s]
 70%|██████▉   | 50679/72655 [00:13<00:05, 3684.27it/s]
 70%|███████   | 51054/72655 [00:13<00:05, 3700.83it/s]
 71%|███████   | 51425/72655 [00:13<00:05, 3702.31it/s]
 71%|███████▏  | 51796/72655 [00:13<00:05, 3670.17it/s]
 72%|███████▏  | 52174/72655 [00:13<00:05, 3700.38it/s]
 72%|███████▏  | 52545/72655 [00:14<00:05, 3646.33it/s]
 73%|███████▎  | 52911/72655 [00:14<00:05, 3647.74it/s]
 73%|███████▎  | 53282/72655 [00:14<00:05, 3665.98it/s]
 74%|███████▍  | 53649/72655 [00:14<00:05, 3660.37it/s]
 74%|███████▍  | 54016/72655 [00:14<00:05, 3647.85it/s]
 75%|███████▍  | 54381/72655 [00:14<00:05, 3639.53it/s]
 75%|███████▌  | 54746/72655 [00:14<00:05, 3571.34it/s]
 76%|███████▌  | 55104/72655 [00:14<00:04, 3551.96it/s]
 76%|███████▋  | 55460/72655 [00:14<00:04, 3526.12it/s]
 77%|███████▋  | 55815/72655 [00:14<00:04, 3533.04it/s]
 77%|███████▋  | 56170/72655 [00:15<00:04, 3536.41it/s]
 78%|███████▊  | 56524/72655 [00:15<00:04, 3524.36it/s]
 78%|███████▊  | 56877/72655 [00:15<00:04, 3508.54it/s]
 79%|███████▉  | 57241/72655 [00:15<00:04, 3545.57it/s]
 79%|███████▉  | 57599/72655 [00:15<00:04, 3555.37it/s]
 80%|███████▉  | 57955/72655 [00:15<00:04, 3463.79it/s]
 80%|████████  | 58302/72655 [00:15<00:04, 3395.63it/s]
 81%|████████  | 58643/72655 [00:15<00:04, 3378.82it/s]
 81%|████████  | 58985/72655 [00:15<00:04, 3388.71it/s]
 82%|████████▏ | 59342/72655 [00:15<00:03, 3439.99it/s]
 82%|████████▏ | 59689/72655 [00:16<00:03, 3447.06it/s]
 83%|████████▎ | 60039/72655 [00:16<00:03, 3460.10it/s]
 83%|████████▎ | 60386/72655 [00:16<00:03, 3448.60it/s]
 84%|████████▎ | 60743/72655 [00:16<00:03, 3483.59it/s]
 84%|████████▍ | 61120/72655 [00:16<00:03, 3568.85it/s]
 85%|████████▍ | 61484/72655 [00:16<00:03, 3587.29it/s]
 85%|████████▌ | 61843/72655 [00:16<00:03, 3582.90it/s]
 86%|████████▌ | 62202/72655 [00:16<00:02, 3564.75it/s]
 86%|████████▌ | 62574/72655 [00:16<00:02, 3610.32it/s]
 87%|████████▋ | 62950/72655 [00:16<00:02, 3653.74it/s]
 87%|████████▋ | 63316/72655 [00:17<00:02, 3640.45it/s]
 88%|████████▊ | 63681/72655 [00:17<00:02, 3632.96it/s]
 88%|████████▊ | 64045/72655 [00:17<00:02, 3612.52it/s]
 89%|████████▊ | 64420/72655 [00:17<00:02, 3652.63it/s]
 89%|████████▉ | 64786/72655 [00:17<00:02, 3624.47it/s]
 90%|████████▉ | 65152/72655 [00:17<00:02, 3633.75it/s]
 90%|█████████ | 65533/72655 [00:17<00:01, 3685.28it/s]
 91%|█████████ | 65907/72655 [00:17<00:01, 3700.77it/s]
 91%|█████████ | 66278/72655 [00:17<00:01, 3658.31it/s]
 92%|█████████▏| 66644/72655 [00:17<00:01, 3640.01it/s]
 92%|█████████▏| 67009/72655 [00:18<00:01, 3592.99it/s]
 93%|█████████▎| 67369/72655 [00:18<00:01, 3554.34it/s]
 93%|█████████▎| 67729/72655 [00:18<00:01, 3565.88it/s]
 94%|█████████▎| 68086/72655 [00:18<00:01, 3513.44it/s]
 94%|█████████▍| 68443/72655 [00:18<00:01, 3526.97it/s]
 95%|█████████▍| 68796/72655 [00:18<00:01, 3490.35it/s]
 95%|█████████▌| 69178/72655 [00:18<00:00, 3585.74it/s]
 96%|█████████▌| 69558/72655 [00:18<00:00, 3648.72it/s]
 96%|█████████▌| 69930/72655 [00:18<00:00, 3666.08it/s]
 97%|█████████▋| 70297/72655 [00:19<00:00, 3560.16it/s]
 97%|█████████▋| 70654/72655 [00:19<00:00, 3518.33it/s]
 98%|█████████▊| 71007/72655 [00:19<00:00, 3414.27it/s]
 98%|█████████▊| 71350/72655 [00:19<00:00, 3405.08it/s]
 99%|█████████▊| 71692/72655 [00:19<00:00, 3374.08it/s]
 99%|█████████▉| 72032/72655 [00:19<00:00, 3380.50it/s]
100%|█████████▉| 72387/72655 [00:19<00:00, 3429.36it/s]
100%|██████████| 72655/72655 [00:19<00:00, 3685.37it/s]

  0%|          | 0/56224 [00:00<?, ?it/s]
  1%|          | 622/56224 [00:00<00:08, 6218.24it/s]
  2%|▏         | 1348/56224 [00:00<00:08, 6830.09it/s]
  4%|▎         | 2074/56224 [00:00<00:07, 7021.57it/s]
  5%|▍         | 2784/56224 [00:00<00:07, 7051.22it/s]
  6%|▋         | 3580/56224 [00:00<00:07, 7377.15it/s]
  8%|▊         | 4369/56224 [00:00<00:06, 7549.81it/s]
  9%|▉         | 5182/56224 [00:00<00:06, 7736.61it/s]
 11%|█         | 5971/56224 [00:00<00:06, 7784.45it/s]
 12%|█▏        | 6809/56224 [00:00<00:06, 7966.33it/s]
 14%|█▎        | 7668/56224 [00:01<00:05, 8158.68it/s]
 15%|█▌        | 8546/56224 [00:01<00:05, 8347.89it/s]
 17%|█▋        | 9412/56224 [00:01<00:05, 8440.72it/s]
 18%|█▊        | 10259/56224 [00:01<00:05, 8447.05it/s]
 20%|█▉        | 11109/56224 [00:01<00:05, 8462.41it/s]
 21%|██▏       | 11956/56224 [00:01<00:05, 8396.42it/s]
 23%|██▎       | 12832/56224 [00:01<00:05, 8504.15it/s]
 24%|██▍       | 13683/56224 [00:01<00:05, 8478.49it/s]
 26%|██▌       | 14546/56224 [00:01<00:04, 8523.60it/s]
 27%|██▋       | 15399/56224 [00:01<00:04, 8432.95it/s]
 29%|██▉       | 16243/56224 [00:02<00:04, 8385.99it/s]
 31%|███       | 17165/56224 [00:02<00:04, 8631.83it/s]
 32%|███▏      | 18069/56224 [00:02<00:04, 8751.34it/s]
 34%|███▍      | 18990/56224 [00:02<00:04, 8887.85it/s]
 35%|███▌      | 19880/56224 [00:02<00:04, 8723.87it/s]
 37%|███▋      | 20786/56224 [00:02<00:04, 8822.66it/s]
 39%|███▊      | 21670/56224 [00:02<00:03, 8822.89it/s]
 40%|████      | 22570/56224 [00:02<00:03, 8875.01it/s]
 42%|████▏     | 23459/56224 [00:02<00:03, 8878.61it/s]
 43%|████▎     | 24349/56224 [00:02<00:03, 8884.04it/s]
 45%|████▍     | 25249/56224 [00:03<00:03, 8916.46it/s]
 46%|████▋     | 26142/56224 [00:03<00:03, 8918.58it/s]
 48%|████▊     | 27034/56224 [00:03<00:03, 8892.72it/s]
 50%|████▉     | 27924/56224 [00:03<00:03, 8600.24it/s]
 51%|█████     | 28787/56224 [00:03<00:03, 8071.29it/s]
 53%|█████▎    | 29602/56224 [00:03<00:03, 7772.88it/s]
 54%|█████▍    | 30386/56224 [00:03<00:03, 7577.24it/s]
 55%|█████▌    | 31148/56224 [00:03<00:03, 7521.09it/s]
 57%|█████▋    | 31903/56224 [00:03<00:03, 7317.29it/s]
 58%|█████▊    | 32637/56224 [00:03<00:03, 7276.35it/s]
 59%|█████▉    | 33366/56224 [00:04<00:03, 7200.67it/s]
 61%|██████    | 34087/56224 [00:04<00:03, 7164.99it/s]
 62%|██████▏   | 34820/56224 [00:04<00:02, 7209.28it/s]
 63%|██████▎   | 35558/56224 [00:04<00:02, 7257.28it/s]
 65%|██████▍   | 36304/56224 [00:04<00:02, 7316.18it/s]
 66%|██████▌   | 37053/56224 [00:04<00:02, 7365.91it/s]
 67%|██████▋   | 37790/56224 [00:04<00:02, 7206.98it/s]
 69%|██████▊   | 38524/56224 [00:04<00:02, 7245.74it/s]
 70%|██████▉   | 39250/56224 [00:04<00:02, 7223.50it/s]
 71%|███████   | 39973/56224 [00:05<00:02, 7204.15it/s]
 72%|███████▏  | 40694/56224 [00:05<00:02, 7188.46it/s]
 74%|███████▎  | 41414/56224 [00:05<00:02, 7005.25it/s]
 75%|███████▍  | 42116/56224 [00:05<00:02, 6934.27it/s]
 76%|███████▌  | 42811/56224 [00:05<00:01, 6827.61it/s]
 77%|███████▋  | 43495/56224 [00:05<00:01, 6741.30it/s]
 79%|███████▊  | 44180/56224 [00:05<00:01, 6771.12it/s]
 80%|███████▉  | 44859/56224 [00:05<00:01, 6775.08it/s]
 81%|████████  | 45537/56224 [00:05<00:01, 6555.37it/s]
 82%|████████▏ | 46208/56224 [00:05<00:01, 6599.08it/s]
 83%|████████▎ | 46873/56224 [00:06<00:01, 6612.59it/s]
 85%|████████▍ | 47552/56224 [00:06<00:01, 6663.39it/s]
 86%|████████▌ | 48222/56224 [00:06<00:01, 6673.38it/s]
 87%|████████▋ | 48938/56224 [00:06<00:01, 6813.36it/s]
 88%|████████▊ | 49620/56224 [00:06<00:00, 6791.72it/s]
 89%|████████▉ | 50300/56224 [00:06<00:00, 6793.71it/s]
 91%|█████████ | 51001/56224 [00:06<00:00, 6846.57it/s]
 92%|█████████▏| 51686/56224 [00:06<00:00, 6784.58it/s]
 93%|█████████▎| 52365/56224 [00:06<00:00, 6706.47it/s]
 94%|█████████▍| 53036/56224 [00:06<00:00, 6699.80it/s]
 96%|█████████▌| 53711/56224 [00:07<00:00, 6713.00it/s]
 97%|█████████▋| 54406/56224 [00:07<00:00, 6782.20it/s]
 98%|█████████▊| 55085/56224 [00:07<00:00, 6581.47it/s]
 99%|█████████▉| 55745/56224 [00:07<00:00, 6462.18it/s]
100%|██████████| 56224/56224 [00:07<00:00, 7551.77it/s]

  0%|          | 0/72655 [00:00<?, ?it/s]
  1%|▏         | 1069/72655 [00:00<00:06, 10688.18it/s]
  3%|▎         | 2349/72655 [00:00<00:05, 11925.29it/s]
  5%|▍         | 3542/72655 [00:00<00:05, 11912.56it/s]
  7%|▋         | 4734/72655 [00:00<00:05, 11487.23it/s]
  8%|▊         | 5885/72655 [00:00<00:06, 11031.02it/s]
 10%|▉         | 6992/72655 [00:00<00:06, 10750.23it/s]
 11%|█         | 8070/72655 [00:00<00:06, 10751.06it/s]
 13%|█▎        | 9238/72655 [00:00<00:05, 11036.43it/s]
 14%|█▍        | 10516/72655 [00:00<00:05, 11568.70it/s]
 16%|█▌        | 11676/72655 [00:01<00:05, 11430.93it/s]
 18%|█▊        | 12822/72655 [00:01<00:05, 11414.95it/s]
 19%|█▉        | 14010/72655 [00:01<00:05, 11552.36it/s]
 21%|██        | 15177/72655 [00:01<00:04, 11586.10it/s]
 23%|██▎       | 16384/72655 [00:01<00:04, 11729.92it/s]
 24%|██▍       | 17569/72655 [00:01<00:04, 11765.12it/s]
 26%|██▌       | 18747/72655 [00:01<00:04, 11699.11it/s]
 27%|██▋       | 19918/72655 [00:01<00:04, 11547.42it/s]
 29%|██▉       | 21122/72655 [00:01<00:04, 11690.23it/s]
 31%|███       | 22413/72655 [00:01<00:04, 12051.81it/s]
 33%|███▎      | 23718/72655 [00:02<00:03, 12346.52it/s]
 34%|███▍      | 24954/72655 [00:02<00:03, 12269.42it/s]
 36%|███▌      | 26202/72655 [00:02<00:03, 12329.14it/s]
 38%|███▊      | 27466/72655 [00:02<00:03, 12417.26it/s]
 40%|███▉      | 28710/72655 [00:02<00:03, 12422.70it/s]
 41%|████      | 29953/72655 [00:02<00:03, 11993.03it/s]
 43%|████▎     | 31242/72655 [00:02<00:03, 12253.02it/s]
 45%|████▍     | 32475/72655 [00:02<00:03, 12273.68it/s]
 46%|████▋     | 33717/72655 [00:02<00:03, 12313.78it/s]
 48%|████▊     | 34962/72655 [00:02<00:03, 12353.84it/s]
 50%|████▉     | 36199/72655 [00:03<00:03, 12061.78it/s]
 51%|█████▏    | 37408/72655 [00:03<00:02, 11811.94it/s]
 53%|█████▎    | 38592/72655 [00:03<00:02, 11682.76it/s]
 55%|█████▍    | 39804/72655 [00:03<00:02, 11804.31it/s]
 56%|█████▋    | 40986/72655 [00:03<00:02, 11663.26it/s]
 58%|█████▊    | 42205/72655 [00:03<00:02, 11816.98it/s]
 60%|█████▉    | 43388/72655 [00:03<00:02, 11808.40it/s]
 61%|██████▏   | 44580/72655 [00:03<00:02, 11840.68it/s]
 63%|██████▎   | 45780/72655 [00:03<00:02, 11886.55it/s]
 65%|██████▍   | 46992/72655 [00:03<00:02, 11953.21it/s]
 66%|██████▋   | 48188/72655 [00:04<00:02, 11866.29it/s]
 68%|██████▊   | 49381/72655 [00:04<00:01, 11884.63it/s]
 70%|██████▉   | 50570/72655 [00:04<00:01, 11761.20it/s]
 71%|███████   | 51747/72655 [00:04<00:01, 11659.34it/s]
 73%|███████▎  | 52914/72655 [00:04<00:01, 11563.89it/s]
 74%|███████▍  | 54071/72655 [00:04<00:01, 11499.19it/s]
 76%|███████▌  | 55222/72655 [00:04<00:01, 11092.47it/s]
 78%|███████▊  | 56334/72655 [00:04<00:01, 11036.95it/s]
 79%|███████▉  | 57440/72655 [00:04<00:01, 10963.64it/s]
 81%|████████  | 58538/72655 [00:05<00:01, 10530.89it/s]
 82%|████████▏ | 59595/72655 [00:05<00:01, 10418.43it/s]
 83%|████████▎ | 60640/72655 [00:05<00:01, 10399.67it/s]
 85%|████████▌ | 61794/72655 [00:05<00:01, 10724.97it/s]
 87%|████████▋ | 62919/72655 [00:05<00:00, 10878.51it/s]
 88%|████████▊ | 64022/72655 [00:05<00:00, 10922.26it/s]
 90%|████████▉ | 65145/72655 [00:05<00:00, 11010.56it/s]
 91%|█████████▏| 66299/72655 [00:05<00:00, 11166.34it/s]
 93%|█████████▎| 67417/72655 [00:05<00:00, 11087.18it/s]
 94%|█████████▍| 68527/72655 [00:05<00:00, 10902.88it/s]
 96%|█████████▌| 69700/72655 [00:06<00:00, 11144.01it/s]
 97%|█████████▋| 70816/72655 [00:06<00:00, 10834.77it/s]
 99%|█████████▉| 71902/72655 [00:06<00:00, 10514.26it/s]
100%|██████████| 72655/72655 [00:06<00:00, 11473.29it/s]
🔹 直接加载 PyTorch 词向量: datasets/vg/stanford_spilt/word2vec/GoogleNews-vectors-negative300.200d.pt
🔹 '__background__' -> '__background__' (尝试匹配)
 无法找到 '__background__' 的词向量
Traceback (most recent call last):
  File "/home/p_zhuzy/p_zhu/PySGG-main/train.py", line 561, in <module>
    main()
  File "/home/p_zhuzy/p_zhu/PySGG-main/train.py", line 553, in main
    model = train(args,args.local_rank, args.distributed,logger)
  File "/home/p_zhuzy/p_zhu/PySGG-main/train.py", line 139, in train
    model = build_detection_model(args)
  File "/project/p_zhu/PySGG-main/util/model.py", line 63, in build_detection_model
    return GeneralizedRCNN(args)
  File "/project/p_zhu/PySGG-main/util/model.py", line 25, in __init__
    self.roi_heads = build_roi_heads(args, self.backbone.out_channels)
  File "/project/p_zhu/PySGG-main/util/roi_heads.py", line 2329, in build_roi_heads
    roi_heads.append(("relation", build_roi_relation_head(args, in_channels)))
  File "/project/p_zhu/PySGG-main/util/roi_heads.py", line 2306, in build_roi_relation_head
    return ROIRelationHead(args,in_channels)
  File "/project/p_zhu/PySGG-main/util/roi_heads.py", line 2107, in __init__
    self.predictor = BGNNPredictor(args, feat_dim)
  File "/project/p_zhu/PySGG-main/util/roi_heads.py", line 1774, in __init__
    self.context_layer = BGNNContext(
  File "/project/p_zhu/PySGG-main/util/roi_heads.py", line 961, in __init__
    self.pairwise_feature_extractor = PairwiseFeatureExtractor(args, in_channels)
  File "/project/p_zhu/PySGG-main/util/roi_heads.py", line 619, in __init__
    obj_embed_vecs = obj_edge_vectors(self.obj_classes, wv_dir=args.word2vec_dir, wv_type='GoogleNews-vectors-negative300', wv_dim=self.embed_dim)
  File "/project/p_zhu/PySGG-main/util/load_word2vec.py", line 105, in obj_edge_vectors
    vectors[i] = wv_arr[wv_index]
RuntimeError: The expanded size of the tensor (200) must match the existing size (300) at non-singleton dimension 0.  Target sizes: [200].  Tensor sizes: [300]
